<?xml version="1.0" encoding="UTF-8"?>
<testng-results skipped="0" failed="0" total="0" passed="0">
  <reporter-output>
  </reporter-output>
  <suite name="com.qa.eCommerce.MyRunner.checkTest" duration-ms="2" started-at="2020-04-15T17:19:03Z" finished-at="2020-04-15T17:19:03Z">
    <groups>
    </groups>
    <test name="Command line test" duration-ms="2" started-at="2020-04-15T17:19:03Z" finished-at="2020-04-15T17:19:03Z">
    </test> <!-- Command line test -->
  </suite> <!-- com.qa.eCommerce.MyRunner.checkTest -->
</testng-results>
